<?xml version="1.0" encoding="UTF-8"?>
<!-- Generated by org.testng.reporters.JUnitReportReporter -->
<testsuite hostname="vinodhpc" failures="0" tests="3" name="com.tests.ListTest" time="0.011" errors="0" timestamp="2025-05-29T08:22:16 IST" skipped="0">
  <testcase classname="com.tests.ListTest" name="testNonEmptyList" time="0.002"/>
  <testcase classname="com.tests.ListTest" name="testNullList" time="0.002"/>
  <testcase classname="com.tests.ListTest" name="testEmptyList" time="0.007"/>
</testsuite> <!-- com.tests.ListTest -->
